2017-12-12  INFO [com.discountcalculator.Main.main()] (Category.java:167) - FindNode() - [Women's Wear] with [Shirts]
2017-12-12  INFO [com.discountcalculator.Main.main()] (Category.java:192) - NOT FOUND Returning [null]
2017-12-12  INFO [com.discountcalculator.Main.main()] (Category.java:167) - FindNode() - [Women's Wear] with [Trousers]
2017-12-12  INFO [com.discountcalculator.Main.main()] (Category.java:167) - FindNode() - [Women's Wear] with [Casuals]
2017-12-12  INFO [com.discountcalculator.Main.main()] (Category.java:192) - NOT FOUND Returning [null]
2017-12-12  INFO [com.discountcalculator.Main.main()] (Category.java:167) - FindNode() - [Women's Wear] with [Jeans]
2017-12-12  INFO [com.discountcalculator.Main.main()] (Category.java:192) - NOT FOUND Returning [null]
2017-12-12  INFO [com.discountcalculator.Main.main()] (Category.java:192) - NOT FOUND Returning [null]
2017-12-12  INFO [com.discountcalculator.Main.main()] (Category.java:192) - NOT FOUND Returning [null]
2017-12-12  INFO [com.discountcalculator.Main.main()] (Category.java:167) - FindNode() - [Women's Wear] with [Women's Wear]
2017-12-12  INFO [com.discountcalculator.Main.main()] (Category.java:170) - FOUND returning [Women's Wear]
2017-12-12  INFO [com.discountcalculator.Main.main()] (Category.java:180) - FOUND returning [Women's Wear]
2017-12-12  INFO [com.discountcalculator.Main.main()] (InputReader.java:79) - Category [Name = Footwear , discount =00]
2017-12-12  INFO [com.discountcalculator.Main.main()] (Category.java:167) - FindNode() - [Women's Wear] with [Apparel]
2017-12-12  INFO [com.discountcalculator.Main.main()] (Category.java:167) - FindNode() - [Women's Wear] with [Men's Wear]
2017-12-12  INFO [com.discountcalculator.Main.main()] (Category.java:167) - FindNode() - [Women's Wear] with [Shirts]
2017-12-12  INFO [com.discountcalculator.Main.main()] (Category.java:192) - NOT FOUND Returning [null]
2017-12-12  INFO [com.discountcalculator.Main.main()] (Category.java:167) - FindNode() - [Women's Wear] with [Trousers]
2017-12-12  INFO [com.discountcalculator.Main.main()] (Category.java:167) - FindNode() - [Women's Wear] with [Casuals]
2017-12-12  INFO [com.discountcalculator.Main.main()] (Category.java:192) - NOT FOUND Returning [null]
2017-12-12  INFO [com.discountcalculator.Main.main()] (Category.java:167) - FindNode() - [Women's Wear] with [Jeans]
2017-12-12  INFO [com.discountcalculator.Main.main()] (Category.java:192) - NOT FOUND Returning [null]
2017-12-12  INFO [com.discountcalculator.Main.main()] (Category.java:192) - NOT FOUND Returning [null]
2017-12-12  INFO [com.discountcalculator.Main.main()] (Category.java:192) - NOT FOUND Returning [null]
2017-12-12  INFO [com.discountcalculator.Main.main()] (Category.java:167) - FindNode() - [Women's Wear] with [Women's Wear]
2017-12-12  INFO [com.discountcalculator.Main.main()] (Category.java:170) - FOUND returning [Women's Wear]
2017-12-12  INFO [com.discountcalculator.Main.main()] (Category.java:180) - FOUND returning [Women's Wear]
2017-12-12  INFO [com.discountcalculator.Main.main()] (Main.java:37) - ===========================================
2017-12-12  INFO [com.discountcalculator.Main.main()] (Main.java:38) - FETCHED DATA
2017-12-12  INFO [com.discountcalculator.Main.main()] (Brand.java:104) - ===========================================
2017-12-12  INFO [com.discountcalculator.Main.main()] (Brand.java:105) - ********** BRANDS ********
2017-12-12  INFO [com.discountcalculator.Main.main()] (Brand.java:106) - ===========================================
2017-12-12  INFO [com.discountcalculator.Main.main()] (Brand.java:114) - [Arrow] ==> [Arrow,20.0]
2017-12-12  INFO [com.discountcalculator.Main.main()] (Brand.java:114) - [Provogue] ==> [Provogue,20.0]
2017-12-12  INFO [com.discountcalculator.Main.main()] (Brand.java:114) - [UCB] ==> [UCB,0.0]
2017-12-12  INFO [com.discountcalculator.Main.main()] (Brand.java:114) - [Vero Moda] ==> [Vero Moda,60.0]
2017-12-12  INFO [com.discountcalculator.Main.main()] (Brand.java:114) - [Wrangler] ==> [Wrangler,10.0]
2017-12-12  INFO [com.discountcalculator.Main.main()] (Brand.java:114) - [Adidas] ==> [Adidas,5.0]
2017-12-12  INFO [com.discountcalculator.Main.main()] (Main.java:40) - ===========================================
2017-12-12  INFO [com.discountcalculator.Main.main()] (Main.java:41) - ********** CATEGORIES ********
2017-12-12  INFO [com.discountcalculator.Main.main()] (Main.java:42) - ===========================================
2017-12-12  INFO [com.discountcalculator.Main.main()] (Category.java:253) - Category ==> [Apparel, 0.0 - #]
2017-12-12  INFO [com.discountcalculator.Main.main()] (Category.java:253) - Category ==> [Men's Wear, 0.0 - Apparel]
2017-12-12  INFO [com.discountcalculator.Main.main()] (Category.java:253) - Category ==> [Shirts, 0.0 - Men's Wear]
2017-12-12  INFO [com.discountcalculator.Main.main()] (Category.java:253) - Category ==> [Trousers, 0.0 - Men's Wear]
2017-12-12  INFO [com.discountcalculator.Main.main()] (Category.java:253) - Category ==> [Casuals, 30.0 - Trousers]
2017-12-12  INFO [com.discountcalculator.Main.main()] (Category.java:253) - Category ==> [Jeans, 20.0 - Trousers]
2017-12-12  INFO [com.discountcalculator.Main.main()] (Category.java:253) - Category ==> [Women's Wear, 50.0 - Apparel]
2017-12-12  INFO [com.discountcalculator.Main.main()] (Category.java:253) - Category ==> [Dresses, 0.0 - Women's Wear]
2017-12-12  INFO [com.discountcalculator.Main.main()] (Category.java:253) - Category ==> [Footwear, 0.0 - Women's Wear]
2017-12-12  INFO [com.discountcalculator.Main.main()] (Main.java:44) - ===========================================
2017-12-12  INFO [com.discountcalculator.Main.main()] (Main.java:32) - Start of execution.
2017-12-12  INFO [com.discountcalculator.Main.main()] (InputReader.java:48) - Brand [Name = Wrangler , discount =10%]
2017-12-12  INFO [com.discountcalculator.Main.main()] (InputReader.java:48) - Brand [Name = Arrow , discount =20%]
2017-12-12  INFO [com.discountcalculator.Main.main()] (InputReader.java:48) - Brand [Name = Vero Moda , discount =60%]
2017-12-12  INFO [com.discountcalculator.Main.main()] (InputReader.java:48) - Brand [Name = UCB , discount =00%]
2017-12-12  INFO [com.discountcalculator.Main.main()] (InputReader.java:48) - Brand [Name = Adidas , discount =05%]
2017-12-12  INFO [com.discountcalculator.Main.main()] (InputReader.java:48) - Brand [Name = Provogue , discount =20%]
2017-12-12  INFO [com.discountcalculator.Main.main()] (InputReader.java:79) - Category [Name = Apparel , discount =00]
2017-12-12  INFO [com.discountcalculator.Main.main()] (InputReader.java:79) - Category [Name = Men's Wear , discount =00]
2017-12-12  INFO [com.discountcalculator.Main.main()] (Category.java:167) - FindNode() - [Apparel] with [Apparel]
2017-12-12  INFO [com.discountcalculator.Main.main()] (Category.java:170) - FOUND returning [Apparel]
2017-12-12  INFO [com.discountcalculator.Main.main()] (InputReader.java:79) - Category [Name = Women's Wear , discount =50]
2017-12-12  INFO [com.discountcalculator.Main.main()] (Category.java:167) - FindNode() - [Apparel] with [Apparel]
2017-12-12  INFO [com.discountcalculator.Main.main()] (Category.java:170) - FOUND returning [Apparel]
2017-12-12  INFO [com.discountcalculator.Main.main()] (InputReader.java:79) - Category [Name = Shirts , discount =00]
2017-12-12  INFO [com.discountcalculator.Main.main()] (Category.java:167) - FindNode() - [Men's Wear] with [Apparel]
2017-12-12  INFO [com.discountcalculator.Main.main()] (Category.java:167) - FindNode() - [Men's Wear] with [Men's Wear]
2017-12-12  INFO [com.discountcalculator.Main.main()] (Category.java:170) - FOUND returning [Men's Wear]
2017-12-12  INFO [com.discountcalculator.Main.main()] (Category.java:180) - FOUND returning [Men's Wear]
2017-12-12  INFO [com.discountcalculator.Main.main()] (InputReader.java:79) - Category [Name = Trousers , discount =00]
2017-12-12  INFO [com.discountcalculator.Main.main()] (Category.java:167) - FindNode() - [Men's Wear] with [Apparel]
2017-12-12  INFO [com.discountcalculator.Main.main()] (Category.java:167) - FindNode() - [Men's Wear] with [Men's Wear]
2017-12-12  INFO [com.discountcalculator.Main.main()] (Category.java:170) - FOUND returning [Men's Wear]
2017-12-12  INFO [com.discountcalculator.Main.main()] (Category.java:180) - FOUND returning [Men's Wear]
2017-12-12  INFO [com.discountcalculator.Main.main()] (InputReader.java:79) - Category [Name = Casuals , discount =30]
2017-12-12  INFO [com.discountcalculator.Main.main()] (Category.java:167) - FindNode() - [Trousers] with [Apparel]
2017-12-12  INFO [com.discountcalculator.Main.main()] (Category.java:167) - FindNode() - [Trousers] with [Men's Wear]
2017-12-12  INFO [com.discountcalculator.Main.main()] (Category.java:167) - FindNode() - [Trousers] with [Shirts]
2017-12-12  INFO [com.discountcalculator.Main.main()] (Category.java:192) - NOT FOUND Returning [null]
2017-12-12  INFO [com.discountcalculator.Main.main()] (Category.java:167) - FindNode() - [Trousers] with [Trousers]
2017-12-12  INFO [com.discountcalculator.Main.main()] (Category.java:170) - FOUND returning [Trousers]
2017-12-12  INFO [com.discountcalculator.Main.main()] (Category.java:180) - FOUND returning [Trousers]
2017-12-12  INFO [com.discountcalculator.Main.main()] (Category.java:180) - FOUND returning [Trousers]
2017-12-12  INFO [com.discountcalculator.Main.main()] (InputReader.java:79) - Category [Name = Jeans , discount =20]
2017-12-12  INFO [com.discountcalculator.Main.main()] (Category.java:167) - FindNode() - [Trousers] with [Apparel]
2017-12-12  INFO [com.discountcalculator.Main.main()] (Category.java:167) - FindNode() - [Trousers] with [Men's Wear]
2017-12-12  INFO [com.discountcalculator.Main.main()] (Category.java:167) - FindNode() - [Trousers] with [Shirts]
2017-12-12  INFO [com.discountcalculator.Main.main()] (Category.java:192) - NOT FOUND Returning [null]
2017-12-12  INFO [com.discountcalculator.Main.main()] (Category.java:167) - FindNode() - [Trousers] with [Trousers]
2017-12-12  INFO [com.discountcalculator.Main.main()] (Category.java:170) - FOUND returning [Trousers]
2017-12-12  INFO [com.discountcalculator.Main.main()] (Category.java:180) - FOUND returning [Trousers]
2017-12-12  INFO [com.discountcalculator.Main.main()] (Category.java:180) - FOUND returning [Trousers]
2017-12-12  INFO [com.discountcalculator.Main.main()] (InputReader.java:79) - Category [Name = Dresses , discount =00]
2017-12-12  INFO [com.discountcalculator.Main.main()] (Category.java:167) - FindNode() - [Women's Wear] with [Apparel]
2017-12-12  INFO [com.discountcalculator.Main.main()] (Category.java:167) - FindNode() - [Women's Wear] with [Men's Wear]
2017-12-12  INFO [com.discountcalculator.Main.main()] (Category.java:167) - FindNode() - [Women's Wear] with [Shirts]
2017-12-12  INFO [com.discountcalculator.Main.main()] (Category.java:192) - NOT FOUND Returning [null]
2017-12-12  INFO [com.discountcalculator.Main.main()] (Category.java:167) - FindNode() - [Women's Wear] with [Trousers]
2017-12-12  INFO [com.discountcalculator.Main.main()] (Category.java:167) - FindNode() - [Women's Wear] with [Casuals]
2017-12-12  INFO [com.discountcalculator.Main.main()] (Category.java:192) - NOT FOUND Returning [null]
2017-12-12  INFO [com.discountcalculator.Main.main()] (Category.java:167) - FindNode() - [Women's Wear] with [Jeans]
2017-12-12  INFO [com.discountcalculator.Main.main()] (Category.java:192) - NOT FOUND Returning [null]
2017-12-12  INFO [com.discountcalculator.Main.main()] (Category.java:192) - NOT FOUND Returning [null]
2017-12-12  INFO [com.discountcalculator.Main.main()] (Category.java:192) - NOT FOUND Returning [null]
2017-12-12  INFO [com.discountcalculator.Main.main()] (Category.java:167) - FindNode() - [Women's Wear] with [Women's Wear]
2017-12-12  INFO [com.discountcalculator.Main.main()] (Category.java:170) - FOUND returning [Women's Wear]
2017-12-12  INFO [com.discountcalculator.Main.main()] (Category.java:180) - FOUND returning [Women's Wear]
2017-12-12  INFO [com.discountcalculator.Main.main()] (InputReader.java:79) - Category [Name = Footwear , discount =00]
2017-12-12  INFO [com.discountcalculator.Main.main()] (Category.java:167) - FindNode() - [Women's Wear] with [Apparel]
2017-12-12  INFO [com.discountcalculator.Main.main()] (Category.java:167) - FindNode() - [Women's Wear] with [Men's Wear]
2017-12-12  INFO [com.discountcalculator.Main.main()] (Category.java:167) - FindNode() - [Women's Wear] with [Shirts]
2017-12-12  INFO [com.discountcalculator.Main.main()] (Category.java:192) - NOT FOUND Returning [null]
2017-12-12  INFO [com.discountcalculator.Main.main()] (Category.java:167) - FindNode() - [Women's Wear] with [Trousers]
2017-12-12  INFO [com.discountcalculator.Main.main()] (Category.java:167) - FindNode() - [Women's Wear] with [Casuals]
2017-12-12  INFO [com.discountcalculator.Main.main()] (Category.java:192) - NOT FOUND Returning [null]
2017-12-12  INFO [com.discountcalculator.Main.main()] (Category.java:167) - FindNode() - [Women's Wear] with [Jeans]
2017-12-12  INFO [com.discountcalculator.Main.main()] (Category.java:192) - NOT FOUND Returning [null]
2017-12-12  INFO [com.discountcalculator.Main.main()] (Category.java:192) - NOT FOUND Returning [null]
2017-12-12  INFO [com.discountcalculator.Main.main()] (Category.java:192) - NOT FOUND Returning [null]
2017-12-12  INFO [com.discountcalculator.Main.main()] (Category.java:167) - FindNode() - [Women's Wear] with [Women's Wear]
2017-12-12  INFO [com.discountcalculator.Main.main()] (Category.java:170) - FOUND returning [Women's Wear]
2017-12-12  INFO [com.discountcalculator.Main.main()] (Category.java:180) - FOUND returning [Women's Wear]
2017-12-12  INFO [com.discountcalculator.Main.main()] (Main.java:37) - ===========================================
2017-12-12  INFO [com.discountcalculator.Main.main()] (Main.java:38) - FETCHED DATA
2017-12-12  INFO [com.discountcalculator.Main.main()] (Brand.java:104) - ===========================================
2017-12-12  INFO [com.discountcalculator.Main.main()] (Brand.java:105) - ********** BRANDS ********
2017-12-12  INFO [com.discountcalculator.Main.main()] (Brand.java:106) - ===========================================
2017-12-12  INFO [com.discountcalculator.Main.main()] (Brand.java:114) - [Arrow] ==> [Arrow,20.0]
2017-12-12  INFO [com.discountcalculator.Main.main()] (Brand.java:114) - [Provogue] ==> [Provogue,20.0]
2017-12-12  INFO [com.discountcalculator.Main.main()] (Brand.java:114) - [UCB] ==> [UCB,0.0]
2017-12-12  INFO [com.discountcalculator.Main.main()] (Brand.java:114) - [Vero Moda] ==> [Vero Moda,60.0]
2017-12-12  INFO [com.discountcalculator.Main.main()] (Brand.java:114) - [Wrangler] ==> [Wrangler,10.0]
2017-12-12  INFO [com.discountcalculator.Main.main()] (Brand.java:114) - [Adidas] ==> [Adidas,5.0]
2017-12-12  INFO [com.discountcalculator.Main.main()] (Main.java:40) - ===========================================
2017-12-12  INFO [com.discountcalculator.Main.main()] (Main.java:41) - ********** CATEGORIES ********
2017-12-12  INFO [com.discountcalculator.Main.main()] (Main.java:42) - ===========================================
2017-12-12  INFO [com.discountcalculator.Main.main()] (Category.java:253) - Category ==> [Apparel, 0.0 - #]
2017-12-12  INFO [com.discountcalculator.Main.main()] (Category.java:253) - Category ==> [Men's Wear, 0.0 - Apparel]
2017-12-12  INFO [com.discountcalculator.Main.main()] (Category.java:253) - Category ==> [Shirts, 0.0 - Men's Wear]
2017-12-12  INFO [com.discountcalculator.Main.main()] (Category.java:253) - Category ==> [Trousers, 0.0 - Men's Wear]
2017-12-12  INFO [com.discountcalculator.Main.main()] (Category.java:253) - Category ==> [Casuals, 30.0 - Trousers]
2017-12-12  INFO [com.discountcalculator.Main.main()] (Category.java:253) - Category ==> [Jeans, 20.0 - Trousers]
2017-12-12  INFO [com.discountcalculator.Main.main()] (Category.java:253) - Category ==> [Women's Wear, 50.0 - Apparel]
2017-12-12  INFO [com.discountcalculator.Main.main()] (Category.java:253) - Category ==> [Dresses, 0.0 - Women's Wear]
2017-12-12  INFO [com.discountcalculator.Main.main()] (Category.java:253) - Category ==> [Footwear, 0.0 - Women's Wear]
2017-12-12  INFO [com.discountcalculator.Main.main()] (Main.java:44) - ===========================================
2017-12-12  INFO [com.discountcalculator.Main.main()] (Main.java:32) - Start of execution.
2017-12-12  INFO [com.discountcalculator.Main.main()] (InputReader.java:48) - Brand [Name = Wrangler , discount =10%]
2017-12-12  INFO [com.discountcalculator.Main.main()] (InputReader.java:48) - Brand [Name = Arrow , discount =20%]
2017-12-12  INFO [com.discountcalculator.Main.main()] (InputReader.java:48) - Brand [Name = Vero Moda , discount =60%]
2017-12-12  INFO [com.discountcalculator.Main.main()] (InputReader.java:48) - Brand [Name = UCB , discount =00%]
2017-12-12  INFO [com.discountcalculator.Main.main()] (InputReader.java:48) - Brand [Name = Adidas , discount =05%]
2017-12-12  INFO [com.discountcalculator.Main.main()] (InputReader.java:48) - Brand [Name = Provogue , discount =20%]
2017-12-12  INFO [com.discountcalculator.Main.main()] (InputReader.java:79) - Category [Name = Apparel , discount =00]
2017-12-12  INFO [com.discountcalculator.Main.main()] (InputReader.java:79) - Category [Name = Men's Wear , discount =00]
2017-12-12  INFO [com.discountcalculator.Main.main()] (Category.java:167) - FindNode() - [Apparel] with [Apparel]
2017-12-12  INFO [com.discountcalculator.Main.main()] (Category.java:170) - FOUND returning [Apparel]
2017-12-12  INFO [com.discountcalculator.Main.main()] (InputReader.java:79) - Category [Name = Women's Wear , discount =50]
2017-12-12  INFO [com.discountcalculator.Main.main()] (Category.java:167) - FindNode() - [Apparel] with [Apparel]
2017-12-12  INFO [com.discountcalculator.Main.main()] (Category.java:170) - FOUND returning [Apparel]
2017-12-12  INFO [com.discountcalculator.Main.main()] (InputReader.java:79) - Category [Name = Shirts , discount =00]
2017-12-12  INFO [com.discountcalculator.Main.main()] (Category.java:167) - FindNode() - [Men's Wear] with [Apparel]
2017-12-12  INFO [com.discountcalculator.Main.main()] (Category.java:167) - FindNode() - [Men's Wear] with [Men's Wear]
2017-12-12  INFO [com.discountcalculator.Main.main()] (Category.java:170) - FOUND returning [Men's Wear]
2017-12-12  INFO [com.discountcalculator.Main.main()] (Category.java:180) - FOUND returning [Men's Wear]
2017-12-12  INFO [com.discountcalculator.Main.main()] (InputReader.java:79) - Category [Name = Trousers , discount =00]
2017-12-12  INFO [com.discountcalculator.Main.main()] (Category.java:167) - FindNode() - [Men's Wear] with [Apparel]
2017-12-12  INFO [com.discountcalculator.Main.main()] (Category.java:167) - FindNode() - [Men's Wear] with [Men's Wear]
2017-12-12  INFO [com.discountcalculator.Main.main()] (Category.java:170) - FOUND returning [Men's Wear]
2017-12-12  INFO [com.discountcalculator.Main.main()] (Category.java:180) - FOUND returning [Men's Wear]
2017-12-12  INFO [com.discountcalculator.Main.main()] (InputReader.java:79) - Category [Name = Casuals , discount =30]
2017-12-12  INFO [com.discountcalculator.Main.main()] (Category.java:167) - FindNode() - [Trousers] with [Apparel]
2017-12-12  INFO [com.discountcalculator.Main.main()] (Category.java:167) - FindNode() - [Trousers] with [Men's Wear]
2017-12-12  INFO [com.discountcalculator.Main.main()] (Category.java:167) - FindNode() - [Trousers] with [Shirts]
2017-12-12  INFO [com.discountcalculator.Main.main()] (Category.java:192) - NOT FOUND Returning [null]
2017-12-12  INFO [com.discountcalculator.Main.main()] (Category.java:167) - FindNode() - [Trousers] with [Trousers]
2017-12-12  INFO [com.discountcalculator.Main.main()] (Category.java:170) - FOUND returning [Trousers]
2017-12-12  INFO [com.discountcalculator.Main.main()] (Category.java:180) - FOUND returning [Trousers]
2017-12-12  INFO [com.discountcalculator.Main.main()] (Category.java:180) - FOUND returning [Trousers]
2017-12-12  INFO [com.discountcalculator.Main.main()] (InputReader.java:79) - Category [Name = Jeans , discount =20]
2017-12-12  INFO [com.discountcalculator.Main.main()] (Category.java:167) - FindNode() - [Trousers] with [Apparel]
2017-12-12  INFO [com.discountcalculator.Main.main()] (Category.java:167) - FindNode() - [Trousers] with [Men's Wear]
2017-12-12  INFO [com.discountcalculator.Main.main()] (Category.java:167) - FindNode() - [Trousers] with [Shirts]
2017-12-12  INFO [com.discountcalculator.Main.main()] (Category.java:192) - NOT FOUND Returning [null]
2017-12-12  INFO [com.discountcalculator.Main.main()] (Category.java:167) - FindNode() - [Trousers] with [Trousers]
2017-12-12  INFO [com.discountcalculator.Main.main()] (Category.java:170) - FOUND returning [Trousers]
2017-12-12  INFO [com.discountcalculator.Main.main()] (Category.java:180) - FOUND returning [Trousers]
2017-12-12  INFO [com.discountcalculator.Main.main()] (Category.java:180) - FOUND returning [Trousers]
2017-12-12  INFO [com.discountcalculator.Main.main()] (InputReader.java:79) - Category [Name = Dresses , discount =00]
2017-12-12  INFO [com.discountcalculator.Main.main()] (Category.java:167) - FindNode() - [Women's Wear] with [Apparel]
2017-12-12  INFO [com.discountcalculator.Main.main()] (Category.java:167) - FindNode() - [Women's Wear] with [Men's Wear]
2017-12-12  INFO [com.discountcalculator.Main.main()] (Category.java:167) - FindNode() - [Women's Wear] with [Shirts]
2017-12-12  INFO [com.discountcalculator.Main.main()] (Category.java:192) - NOT FOUND Returning [null]
2017-12-12  INFO [com.discountcalculator.Main.main()] (Category.java:167) - FindNode() - [Women's Wear] with [Trousers]
2017-12-12  INFO [com.discountcalculator.Main.main()] (Category.java:167) - FindNode() - [Women's Wear] with [Casuals]
2017-12-12  INFO [com.discountcalculator.Main.main()] (Category.java:192) - NOT FOUND Returning [null]
2017-12-12  INFO [com.discountcalculator.Main.main()] (Category.java:167) - FindNode() - [Women's Wear] with [Jeans]
2017-12-12  INFO [com.discountcalculator.Main.main()] (Category.java:192) - NOT FOUND Returning [null]
2017-12-12  INFO [com.discountcalculator.Main.main()] (Category.java:192) - NOT FOUND Returning [null]
2017-12-12  INFO [com.discountcalculator.Main.main()] (Category.java:192) - NOT FOUND Returning [null]
2017-12-12  INFO [com.discountcalculator.Main.main()] (Category.java:167) - FindNode() - [Women's Wear] with [Women's Wear]
2017-12-12  INFO [com.discountcalculator.Main.main()] (Category.java:170) - FOUND returning [Women's Wear]
2017-12-12  INFO [com.discountcalculator.Main.main()] (Category.java:180) - FOUND returning [Women's Wear]
2017-12-12  INFO [com.discountcalculator.Main.main()] (InputReader.java:79) - Category [Name = Footwear , discount =00]
2017-12-12  INFO [com.discountcalculator.Main.main()] (Category.java:167) - FindNode() - [Women's Wear] with [Apparel]
2017-12-12  INFO [com.discountcalculator.Main.main()] (Category.java:167) - FindNode() - [Women's Wear] with [Men's Wear]
2017-12-12  INFO [com.discountcalculator.Main.main()] (Category.java:167) - FindNode() - [Women's Wear] with [Shirts]
2017-12-12  INFO [com.discountcalculator.Main.main()] (Category.java:192) - NOT FOUND Returning [null]
2017-12-12  INFO [com.discountcalculator.Main.main()] (Category.java:167) - FindNode() - [Women's Wear] with [Trousers]
2017-12-12  INFO [com.discountcalculator.Main.main()] (Category.java:167) - FindNode() - [Women's Wear] with [Casuals]
2017-12-12  INFO [com.discountcalculator.Main.main()] (Category.java:192) - NOT FOUND Returning [null]
2017-12-12  INFO [com.discountcalculator.Main.main()] (Category.java:167) - FindNode() - [Women's Wear] with [Jeans]
2017-12-12  INFO [com.discountcalculator.Main.main()] (Category.java:192) - NOT FOUND Returning [null]
2017-12-12  INFO [com.discountcalculator.Main.main()] (Category.java:192) - NOT FOUND Returning [null]
2017-12-12  INFO [com.discountcalculator.Main.main()] (Category.java:192) - NOT FOUND Returning [null]
2017-12-12  INFO [com.discountcalculator.Main.main()] (Category.java:167) - FindNode() - [Women's Wear] with [Women's Wear]
2017-12-12  INFO [com.discountcalculator.Main.main()] (Category.java:170) - FOUND returning [Women's Wear]
2017-12-12  INFO [com.discountcalculator.Main.main()] (Category.java:180) - FOUND returning [Women's Wear]
2017-12-12  INFO [com.discountcalculator.Main.main()] (Main.java:37) - ===========================================
2017-12-12  INFO [com.discountcalculator.Main.main()] (Main.java:38) - FETCHED DATA
2017-12-12  INFO [com.discountcalculator.Main.main()] (Brand.java:104) - ===========================================
2017-12-12  INFO [com.discountcalculator.Main.main()] (Brand.java:105) - ********** BRANDS ********
2017-12-12  INFO [com.discountcalculator.Main.main()] (Brand.java:106) - ===========================================
2017-12-12  INFO [com.discountcalculator.Main.main()] (Brand.java:114) - [Arrow] ==> [Arrow,20.0]
2017-12-12  INFO [com.discountcalculator.Main.main()] (Brand.java:114) - [Provogue] ==> [Provogue,20.0]
2017-12-12  INFO [com.discountcalculator.Main.main()] (Brand.java:114) - [UCB] ==> [UCB,0.0]
2017-12-12  INFO [com.discountcalculator.Main.main()] (Brand.java:114) - [Vero Moda] ==> [Vero Moda,60.0]
2017-12-12  INFO [com.discountcalculator.Main.main()] (Brand.java:114) - [Wrangler] ==> [Wrangler,10.0]
2017-12-12  INFO [com.discountcalculator.Main.main()] (Brand.java:114) - [Adidas] ==> [Adidas,5.0]
2017-12-12  INFO [com.discountcalculator.Main.main()] (Main.java:40) - ===========================================
2017-12-12  INFO [com.discountcalculator.Main.main()] (Main.java:41) - ********** CATEGORIES ********
2017-12-12  INFO [com.discountcalculator.Main.main()] (Main.java:42) - ===========================================
2017-12-12  INFO [com.discountcalculator.Main.main()] (Category.java:253) - Category ==> [Apparel, 0.0 - #]
2017-12-12  INFO [com.discountcalculator.Main.main()] (Category.java:253) - Category ==> [Men's Wear, 0.0 - Apparel]
2017-12-12  INFO [com.discountcalculator.Main.main()] (Category.java:253) - Category ==> [Shirts, 0.0 - Men's Wear]
2017-12-12  INFO [com.discountcalculator.Main.main()] (Category.java:253) - Category ==> [Trousers, 0.0 - Men's Wear]
2017-12-12  INFO [com.discountcalculator.Main.main()] (Category.java:253) - Category ==> [Casuals, 30.0 - Trousers]
2017-12-12  INFO [com.discountcalculator.Main.main()] (Category.java:253) - Category ==> [Jeans, 20.0 - Trousers]
2017-12-12  INFO [com.discountcalculator.Main.main()] (Category.java:253) - Category ==> [Women's Wear, 50.0 - Apparel]
2017-12-12  INFO [com.discountcalculator.Main.main()] (Category.java:253) - Category ==> [Dresses, 0.0 - Women's Wear]
2017-12-12  INFO [com.discountcalculator.Main.main()] (Category.java:253) - Category ==> [Footwear, 0.0 - Women's Wear]
2017-12-12  INFO [com.discountcalculator.Main.main()] (Main.java:44) - ===========================================
2017-12-12  INFO [com.discountcalculator.Main.main()] (InputReader.java:125) - [Brand] ==> Arrow [Category] ==> Shirts Price ==> 800
2017-12-12  INFO [com.discountcalculator.Main.main()] (Product.java:33) - Searching BRAND [Arrow] Found [Arrow]
2017-12-12  INFO [com.discountcalculator.Main.main()] (Category.java:167) - FindNode() - [Shirts] with [Apparel]
2017-12-12  INFO [com.discountcalculator.Main.main()] (Category.java:167) - FindNode() - [Shirts] with [Men's Wear]
2017-12-12  INFO [com.discountcalculator.Main.main()] (Category.java:167) - FindNode() - [Shirts] with [Shirts]
2017-12-12  INFO [com.discountcalculator.Main.main()] (Category.java:170) - FOUND returning [Shirts]
2017-12-12  INFO [com.discountcalculator.Main.main()] (Category.java:180) - FOUND returning [Shirts]
2017-12-12  INFO [com.discountcalculator.Main.main()] (Category.java:180) - FOUND returning [Shirts]
2017-12-12  INFO [com.discountcalculator.Main.main()] (Product.java:43) - Shirts]
2017-12-12  INFO [com.discountcalculator.Main.main()] (Main.java:56) - Fetching price for Product[1]
2017-12-12  INFO [com.discountcalculator.Main.main()] (Product.java:85) - Category Discount ==> [0.0]
2017-12-12  INFO [com.discountcalculator.Main.main()] (Product.java:88) - Brand Discount ==> [20.0]
2017-12-12  INFO [com.discountcalculator.Main.main()] (Main.java:32) - Start of execution.
2017-12-12  INFO [com.discountcalculator.Main.main()] (InputReader.java:48) - Brand [Name = Wrangler , discount =10%]
2017-12-12  INFO [com.discountcalculator.Main.main()] (InputReader.java:48) - Brand [Name = Arrow , discount =20%]
2017-12-12  INFO [com.discountcalculator.Main.main()] (InputReader.java:48) - Brand [Name = Vero Moda , discount =60%]
2017-12-12  INFO [com.discountcalculator.Main.main()] (InputReader.java:48) - Brand [Name = UCB , discount =00%]
2017-12-12  INFO [com.discountcalculator.Main.main()] (InputReader.java:48) - Brand [Name = Adidas , discount =05%]
2017-12-12  INFO [com.discountcalculator.Main.main()] (InputReader.java:48) - Brand [Name = Provogue , discount =20%]
2017-12-12  INFO [com.discountcalculator.Main.main()] (InputReader.java:79) - Category [Name = Apparel , discount =00]
2017-12-12  INFO [com.discountcalculator.Main.main()] (InputReader.java:79) - Category [Name = Men's Wear , discount =00]
2017-12-12  INFO [com.discountcalculator.Main.main()] (Category.java:167) - FindNode() - [Apparel] with [Apparel]
2017-12-12  INFO [com.discountcalculator.Main.main()] (Category.java:170) - FOUND returning [Apparel]
2017-12-12  INFO [com.discountcalculator.Main.main()] (InputReader.java:79) - Category [Name = Women's Wear , discount =50]
2017-12-12  INFO [com.discountcalculator.Main.main()] (Category.java:167) - FindNode() - [Apparel] with [Apparel]
2017-12-12  INFO [com.discountcalculator.Main.main()] (Category.java:170) - FOUND returning [Apparel]
2017-12-12  INFO [com.discountcalculator.Main.main()] (InputReader.java:79) - Category [Name = Shirts , discount =00]
2017-12-12  INFO [com.discountcalculator.Main.main()] (Category.java:167) - FindNode() - [Men's Wear] with [Apparel]
2017-12-12  INFO [com.discountcalculator.Main.main()] (Category.java:167) - FindNode() - [Men's Wear] with [Men's Wear]
2017-12-12  INFO [com.discountcalculator.Main.main()] (Category.java:170) - FOUND returning [Men's Wear]
2017-12-12  INFO [com.discountcalculator.Main.main()] (Category.java:180) - FOUND returning [Men's Wear]
2017-12-12  INFO [com.discountcalculator.Main.main()] (InputReader.java:79) - Category [Name = Trousers , discount =00]
2017-12-12  INFO [com.discountcalculator.Main.main()] (Category.java:167) - FindNode() - [Men's Wear] with [Apparel]
2017-12-12  INFO [com.discountcalculator.Main.main()] (Category.java:167) - FindNode() - [Men's Wear] with [Men's Wear]
2017-12-12  INFO [com.discountcalculator.Main.main()] (Category.java:170) - FOUND returning [Men's Wear]
2017-12-12  INFO [com.discountcalculator.Main.main()] (Category.java:180) - FOUND returning [Men's Wear]
2017-12-12  INFO [com.discountcalculator.Main.main()] (InputReader.java:79) - Category [Name = Casuals , discount =30]
2017-12-12  INFO [com.discountcalculator.Main.main()] (Category.java:167) - FindNode() - [Trousers] with [Apparel]
2017-12-12  INFO [com.discountcalculator.Main.main()] (Category.java:167) - FindNode() - [Trousers] with [Men's Wear]
2017-12-12  INFO [com.discountcalculator.Main.main()] (Category.java:167) - FindNode() - [Trousers] with [Shirts]
2017-12-12  INFO [com.discountcalculator.Main.main()] (Category.java:192) - NOT FOUND Returning [null]
2017-12-12  INFO [com.discountcalculator.Main.main()] (Category.java:167) - FindNode() - [Trousers] with [Trousers]
2017-12-12  INFO [com.discountcalculator.Main.main()] (Category.java:170) - FOUND returning [Trousers]
2017-12-12  INFO [com.discountcalculator.Main.main()] (Category.java:180) - FOUND returning [Trousers]
2017-12-12  INFO [com.discountcalculator.Main.main()] (Category.java:180) - FOUND returning [Trousers]
2017-12-12  INFO [com.discountcalculator.Main.main()] (InputReader.java:79) - Category [Name = Jeans , discount =20]
2017-12-12  INFO [com.discountcalculator.Main.main()] (Category.java:167) - FindNode() - [Trousers] with [Apparel]
2017-12-12  INFO [com.discountcalculator.Main.main()] (Category.java:167) - FindNode() - [Trousers] with [Men's Wear]
2017-12-12  INFO [com.discountcalculator.Main.main()] (Category.java:167) - FindNode() - [Trousers] with [Shirts]
2017-12-12  INFO [com.discountcalculator.Main.main()] (Category.java:192) - NOT FOUND Returning [null]
2017-12-12  INFO [com.discountcalculator.Main.main()] (Category.java:167) - FindNode() - [Trousers] with [Trousers]
2017-12-12  INFO [com.discountcalculator.Main.main()] (Category.java:170) - FOUND returning [Trousers]
2017-12-12  INFO [com.discountcalculator.Main.main()] (Category.java:180) - FOUND returning [Trousers]
2017-12-12  INFO [com.discountcalculator.Main.main()] (Category.java:180) - FOUND returning [Trousers]
2017-12-12  INFO [com.discountcalculator.Main.main()] (InputReader.java:79) - Category [Name = Dresses , discount =00]
2017-12-12  INFO [com.discountcalculator.Main.main()] (Category.java:167) - FindNode() - [Women's Wear] with [Apparel]
2017-12-12  INFO [com.discountcalculator.Main.main()] (Category.java:167) - FindNode() - [Women's Wear] with [Men's Wear]
2017-12-12  INFO [com.discountcalculator.Main.main()] (Category.java:167) - FindNode() - [Women's Wear] with [Shirts]
2017-12-12  INFO [com.discountcalculator.Main.main()] (Category.java:192) - NOT FOUND Returning [null]
2017-12-12  INFO [com.discountcalculator.Main.main()] (Category.java:167) - FindNode() - [Women's Wear] with [Trousers]
2017-12-12  INFO [com.discountcalculator.Main.main()] (Category.java:167) - FindNode() - [Women's Wear] with [Casuals]
2017-12-12  INFO [com.discountcalculator.Main.main()] (Category.java:192) - NOT FOUND Returning [null]
2017-12-12  INFO [com.discountcalculator.Main.main()] (Category.java:167) - FindNode() - [Women's Wear] with [Jeans]
2017-12-12  INFO [com.discountcalculator.Main.main()] (Category.java:192) - NOT FOUND Returning [null]
2017-12-12  INFO [com.discountcalculator.Main.main()] (Category.java:192) - NOT FOUND Returning [null]
2017-12-12  INFO [com.discountcalculator.Main.main()] (Category.java:192) - NOT FOUND Returning [null]
2017-12-12  INFO [com.discountcalculator.Main.main()] (Category.java:167) - FindNode() - [Women's Wear] with [Women's Wear]
2017-12-12  INFO [com.discountcalculator.Main.main()] (Category.java:170) - FOUND returning [Women's Wear]
2017-12-12  INFO [com.discountcalculator.Main.main()] (Category.java:180) - FOUND returning [Women's Wear]
2017-12-12  INFO [com.discountcalculator.Main.main()] (InputReader.java:79) - Category [Name = Footwear , discount =00]
2017-12-12  INFO [com.discountcalculator.Main.main()] (Category.java:167) - FindNode() - [Women's Wear] with [Apparel]
2017-12-12  INFO [com.discountcalculator.Main.main()] (Category.java:167) - FindNode() - [Women's Wear] with [Men's Wear]
2017-12-12  INFO [com.discountcalculator.Main.main()] (Category.java:167) - FindNode() - [Women's Wear] with [Shirts]
2017-12-12  INFO [com.discountcalculator.Main.main()] (Category.java:192) - NOT FOUND Returning [null]
2017-12-12  INFO [com.discountcalculator.Main.main()] (Category.java:167) - FindNode() - [Women's Wear] with [Trousers]
2017-12-12  INFO [com.discountcalculator.Main.main()] (Category.java:167) - FindNode() - [Women's Wear] with [Casuals]
2017-12-12  INFO [com.discountcalculator.Main.main()] (Category.java:192) - NOT FOUND Returning [null]
2017-12-12  INFO [com.discountcalculator.Main.main()] (Category.java:167) - FindNode() - [Women's Wear] with [Jeans]
2017-12-12  INFO [com.discountcalculator.Main.main()] (Category.java:192) - NOT FOUND Returning [null]
2017-12-12  INFO [com.discountcalculator.Main.main()] (Category.java:192) - NOT FOUND Returning [null]
2017-12-12  INFO [com.discountcalculator.Main.main()] (Category.java:192) - NOT FOUND Returning [null]
2017-12-12  INFO [com.discountcalculator.Main.main()] (Category.java:167) - FindNode() - [Women's Wear] with [Women's Wear]
2017-12-12  INFO [com.discountcalculator.Main.main()] (Category.java:170) - FOUND returning [Women's Wear]
2017-12-12  INFO [com.discountcalculator.Main.main()] (Category.java:180) - FOUND returning [Women's Wear]
2017-12-12  INFO [com.discountcalculator.Main.main()] (Main.java:37) - ===========================================
2017-12-12  INFO [com.discountcalculator.Main.main()] (Main.java:38) - FETCHED DATA
2017-12-12  INFO [com.discountcalculator.Main.main()] (Brand.java:104) - ===========================================
2017-12-12  INFO [com.discountcalculator.Main.main()] (Brand.java:105) - ********** BRANDS ********
2017-12-12  INFO [com.discountcalculator.Main.main()] (Brand.java:106) - ===========================================
2017-12-12  INFO [com.discountcalculator.Main.main()] (Brand.java:114) - [Arrow] ==> [Arrow,20.0]
2017-12-12  INFO [com.discountcalculator.Main.main()] (Brand.java:114) - [Provogue] ==> [Provogue,20.0]
2017-12-12  INFO [com.discountcalculator.Main.main()] (Brand.java:114) - [UCB] ==> [UCB,0.0]
2017-12-12  INFO [com.discountcalculator.Main.main()] (Brand.java:114) - [Vero Moda] ==> [Vero Moda,60.0]
2017-12-12  INFO [com.discountcalculator.Main.main()] (Brand.java:114) - [Wrangler] ==> [Wrangler,10.0]
2017-12-12  INFO [com.discountcalculator.Main.main()] (Brand.java:114) - [Adidas] ==> [Adidas,5.0]
2017-12-12  INFO [com.discountcalculator.Main.main()] (Main.java:40) - ===========================================
2017-12-12  INFO [com.discountcalculator.Main.main()] (Main.java:41) - ********** CATEGORIES ********
2017-12-12  INFO [com.discountcalculator.Main.main()] (Main.java:42) - ===========================================
2017-12-12  INFO [com.discountcalculator.Main.main()] (Category.java:253) - Category ==> [Apparel, 0.0 - #]
2017-12-12  INFO [com.discountcalculator.Main.main()] (Category.java:253) - Category ==> [Men's Wear, 0.0 - Apparel]
2017-12-12  INFO [com.discountcalculator.Main.main()] (Category.java:253) - Category ==> [Shirts, 0.0 - Men's Wear]
2017-12-12  INFO [com.discountcalculator.Main.main()] (Category.java:253) - Category ==> [Trousers, 0.0 - Men's Wear]
2017-12-12  INFO [com.discountcalculator.Main.main()] (Category.java:253) - Category ==> [Casuals, 30.0 - Trousers]
2017-12-12  INFO [com.discountcalculator.Main.main()] (Category.java:253) - Category ==> [Jeans, 20.0 - Trousers]
2017-12-12  INFO [com.discountcalculator.Main.main()] (Category.java:253) - Category ==> [Women's Wear, 50.0 - Apparel]
2017-12-12  INFO [com.discountcalculator.Main.main()] (Category.java:253) - Category ==> [Dresses, 0.0 - Women's Wear]
2017-12-12  INFO [com.discountcalculator.Main.main()] (Category.java:253) - Category ==> [Footwear, 0.0 - Women's Wear]
2017-12-12  INFO [com.discountcalculator.Main.main()] (Main.java:44) - ===========================================
2017-12-12  INFO [com.discountcalculator.Main.main()] (InputReader.java:125) - [Brand] ==> Arrow [Category] ==> Shirts Price ==> 800
2017-12-12  INFO [com.discountcalculator.Main.main()] (Product.java:33) - Searching BRAND [Arrow] Found [Arrow]
2017-12-12  INFO [com.discountcalculator.Main.main()] (Category.java:167) - FindNode() - [Shirts] with [Apparel]
2017-12-12  INFO [com.discountcalculator.Main.main()] (Category.java:167) - FindNode() - [Shirts] with [Men's Wear]
2017-12-12  INFO [com.discountcalculator.Main.main()] (Category.java:167) - FindNode() - [Shirts] with [Shirts]
2017-12-12  INFO [com.discountcalculator.Main.main()] (Category.java:170) - FOUND returning [Shirts]
2017-12-12  INFO [com.discountcalculator.Main.main()] (Category.java:180) - FOUND returning [Shirts]
2017-12-12  INFO [com.discountcalculator.Main.main()] (Category.java:180) - FOUND returning [Shirts]
2017-12-12  INFO [com.discountcalculator.Main.main()] (Product.java:43) - Shirts]
2017-12-12  INFO [com.discountcalculator.Main.main()] (InputReader.java:125) - [Brand] ==> Vero Moda [Category] ==> Dresses Price ==> 1400
2017-12-12  INFO [com.discountcalculator.Main.main()] (Product.java:33) - Searching BRAND [Vero Moda] Found [Vero Moda]
2017-12-12  INFO [com.discountcalculator.Main.main()] (Category.java:167) - FindNode() - [Dresses] with [Apparel]
2017-12-12  INFO [com.discountcalculator.Main.main()] (Category.java:167) - FindNode() - [Dresses] with [Men's Wear]
2017-12-12  INFO [com.discountcalculator.Main.main()] (Category.java:167) - FindNode() - [Dresses] with [Shirts]
2017-12-12  INFO [com.discountcalculator.Main.main()] (Category.java:192) - NOT FOUND Returning [null]
2017-12-12  INFO [com.discountcalculator.Main.main()] (Category.java:167) - FindNode() - [Dresses] with [Trousers]
2017-12-12  INFO [com.discountcalculator.Main.main()] (Category.java:167) - FindNode() - [Dresses] with [Casuals]
2017-12-12  INFO [com.discountcalculator.Main.main()] (Category.java:192) - NOT FOUND Returning [null]
2017-12-12  INFO [com.discountcalculator.Main.main()] (Category.java:167) - FindNode() - [Dresses] with [Jeans]
2017-12-12  INFO [com.discountcalculator.Main.main()] (Category.java:192) - NOT FOUND Returning [null]
2017-12-12  INFO [com.discountcalculator.Main.main()] (Category.java:192) - NOT FOUND Returning [null]
2017-12-12  INFO [com.discountcalculator.Main.main()] (Category.java:192) - NOT FOUND Returning [null]
2017-12-12  INFO [com.discountcalculator.Main.main()] (Category.java:167) - FindNode() - [Dresses] with [Women's Wear]
2017-12-12  INFO [com.discountcalculator.Main.main()] (Category.java:167) - FindNode() - [Dresses] with [Dresses]
2017-12-12  INFO [com.discountcalculator.Main.main()] (Category.java:170) - FOUND returning [Dresses]
2017-12-12  INFO [com.discountcalculator.Main.main()] (Category.java:180) - FOUND returning [Dresses]
2017-12-12  INFO [com.discountcalculator.Main.main()] (Category.java:180) - FOUND returning [Dresses]
2017-12-12  INFO [com.discountcalculator.Main.main()] (Product.java:43) - Dresses]
2017-12-12  INFO [com.discountcalculator.Main.main()] (InputReader.java:125) - [Brand] ==> Provogue [Category] ==> Footwear Price ==> 1800
2017-12-12  INFO [com.discountcalculator.Main.main()] (Product.java:33) - Searching BRAND [Provogue] Found [Provogue]
2017-12-12  INFO [com.discountcalculator.Main.main()] (Category.java:167) - FindNode() - [Footwear] with [Apparel]
2017-12-12  INFO [com.discountcalculator.Main.main()] (Category.java:167) - FindNode() - [Footwear] with [Men's Wear]
2017-12-12  INFO [com.discountcalculator.Main.main()] (Category.java:167) - FindNode() - [Footwear] with [Shirts]
2017-12-12  INFO [com.discountcalculator.Main.main()] (Category.java:192) - NOT FOUND Returning [null]
2017-12-12  INFO [com.discountcalculator.Main.main()] (Category.java:167) - FindNode() - [Footwear] with [Trousers]
2017-12-12  INFO [com.discountcalculator.Main.main()] (Category.java:167) - FindNode() - [Footwear] with [Casuals]
2017-12-12  INFO [com.discountcalculator.Main.main()] (Category.java:192) - NOT FOUND Returning [null]
2017-12-12  INFO [com.discountcalculator.Main.main()] (Category.java:167) - FindNode() - [Footwear] with [Jeans]
2017-12-12  INFO [com.discountcalculator.Main.main()] (Category.java:192) - NOT FOUND Returning [null]
2017-12-12  INFO [com.discountcalculator.Main.main()] (Category.java:192) - NOT FOUND Returning [null]
2017-12-12  INFO [com.discountcalculator.Main.main()] (Category.java:192) - NOT FOUND Returning [null]
2017-12-12  INFO [com.discountcalculator.Main.main()] (Category.java:167) - FindNode() - [Footwear] with [Women's Wear]
2017-12-12  INFO [com.discountcalculator.Main.main()] (Category.java:167) - FindNode() - [Footwear] with [Dresses]
2017-12-12  INFO [com.discountcalculator.Main.main()] (Category.java:192) - NOT FOUND Returning [null]
2017-12-12  INFO [com.discountcalculator.Main.main()] (Category.java:167) - FindNode() - [Footwear] with [Footwear]
2017-12-12  INFO [com.discountcalculator.Main.main()] (Category.java:170) - FOUND returning [Footwear]
2017-12-12  INFO [com.discountcalculator.Main.main()] (Category.java:180) - FOUND returning [Footwear]
2017-12-12  INFO [com.discountcalculator.Main.main()] (Category.java:180) - FOUND returning [Footwear]
2017-12-12  INFO [com.discountcalculator.Main.main()] (Product.java:43) - Footwear]
2017-12-12  INFO [com.discountcalculator.Main.main()] (InputReader.java:125) - [Brand] ==> Wrangler [Category] ==> Jeans Price ==> 2200
2017-12-12  INFO [com.discountcalculator.Main.main()] (Product.java:33) - Searching BRAND [Wrangler] Found [Wrangler]
2017-12-12  INFO [com.discountcalculator.Main.main()] (Category.java:167) - FindNode() - [Jeans] with [Apparel]
2017-12-12  INFO [com.discountcalculator.Main.main()] (Category.java:167) - FindNode() - [Jeans] with [Men's Wear]
2017-12-12  INFO [com.discountcalculator.Main.main()] (Category.java:167) - FindNode() - [Jeans] with [Shirts]
2017-12-12  INFO [com.discountcalculator.Main.main()] (Category.java:192) - NOT FOUND Returning [null]
2017-12-12  INFO [com.discountcalculator.Main.main()] (Category.java:167) - FindNode() - [Jeans] with [Trousers]
2017-12-12  INFO [com.discountcalculator.Main.main()] (Category.java:167) - FindNode() - [Jeans] with [Casuals]
2017-12-12  INFO [com.discountcalculator.Main.main()] (Category.java:192) - NOT FOUND Returning [null]
2017-12-12  INFO [com.discountcalculator.Main.main()] (Category.java:167) - FindNode() - [Jeans] with [Jeans]
2017-12-12  INFO [com.discountcalculator.Main.main()] (Category.java:170) - FOUND returning [Jeans]
2017-12-12  INFO [com.discountcalculator.Main.main()] (Category.java:180) - FOUND returning [Jeans]
2017-12-12  INFO [com.discountcalculator.Main.main()] (Category.java:180) - FOUND returning [Jeans]
2017-12-12  INFO [com.discountcalculator.Main.main()] (Category.java:180) - FOUND returning [Jeans]
2017-12-12  INFO [com.discountcalculator.Main.main()] (Product.java:43) - Jeans]
2017-12-12  INFO [com.discountcalculator.Main.main()] (InputReader.java:125) - [Brand] ==> UCB [Category] ==> Shirts Price ==> 1500
2017-12-12  INFO [com.discountcalculator.Main.main()] (Product.java:33) - Searching BRAND [UCB] Found [UCB]
2017-12-12  INFO [com.discountcalculator.Main.main()] (Category.java:167) - FindNode() - [Shirts] with [Apparel]
2017-12-12  INFO [com.discountcalculator.Main.main()] (Category.java:167) - FindNode() - [Shirts] with [Men's Wear]
2017-12-12  INFO [com.discountcalculator.Main.main()] (Category.java:167) - FindNode() - [Shirts] with [Shirts]
2017-12-12  INFO [com.discountcalculator.Main.main()] (Category.java:170) - FOUND returning [Shirts]
2017-12-12  INFO [com.discountcalculator.Main.main()] (Category.java:180) - FOUND returning [Shirts]
2017-12-12  INFO [com.discountcalculator.Main.main()] (Category.java:180) - FOUND returning [Shirts]
2017-12-12  INFO [com.discountcalculator.Main.main()] (Product.java:43) - Shirts]
2017-12-12  INFO [com.discountcalculator.Main.main()] (Main.java:56) - Fetching price for Product[1]
2017-12-12  INFO [com.discountcalculator.Main.main()] (Product.java:85) - Category Discount ==> [0.0]
2017-12-12  INFO [com.discountcalculator.Main.main()] (Product.java:88) - Brand Discount ==> [20.0]
2017-12-12  INFO [com.discountcalculator.Main.main()] (Main.java:56) - Fetching price for Product[2]
2017-12-12  INFO [com.discountcalculator.Main.main()] (Product.java:85) - Category Discount ==> [50.0]
2017-12-12  INFO [com.discountcalculator.Main.main()] (Product.java:88) - Brand Discount ==> [60.0]
2017-12-12  INFO [com.discountcalculator.Main.main()] (Main.java:56) - Fetching price for Product[3]
2017-12-12  INFO [com.discountcalculator.Main.main()] (Product.java:85) - Category Discount ==> [50.0]
2017-12-12  INFO [com.discountcalculator.Main.main()] (Product.java:88) - Brand Discount ==> [20.0]
2017-12-12  INFO [com.discountcalculator.Main.main()] (Main.java:56) - Fetching price for Product[4]
2017-12-12  INFO [com.discountcalculator.Main.main()] (Product.java:85) - Category Discount ==> [20.0]
2017-12-12  INFO [com.discountcalculator.Main.main()] (Product.java:88) - Brand Discount ==> [10.0]
2017-12-12  INFO [com.discountcalculator.Main.main()] (Main.java:56) - Fetching price for Product[1]
2017-12-12  INFO [com.discountcalculator.Main.main()] (Product.java:85) - Category Discount ==> [0.0]
2017-12-12  INFO [com.discountcalculator.Main.main()] (Product.java:88) - Brand Discount ==> [20.0]
2017-12-12  INFO [com.discountcalculator.Main.main()] (Main.java:56) - Fetching price for Product[5]
2017-12-12  INFO [com.discountcalculator.Main.main()] (Product.java:85) - Category Discount ==> [0.0]
2017-12-12  INFO [com.discountcalculator.Main.main()] (Product.java:88) - Brand Discount ==> [0.0]
